<?xml version="1.0" encoding="UTF-8"?>
<testng-results skipped="0" failed="0" total="3" passed="3">
  <reporter-output>
  </reporter-output>
  <suite name="Command line suite" duration-ms="41" started-at="2015-09-27T22:29:10Z" finished-at="2015-09-27T22:29:10Z">
    <groups>
    </groups>
    <test name="Command line test" duration-ms="41" started-at="2015-09-27T22:29:10Z" finished-at="2015-09-27T22:29:10Z">
      <class name="com.testng.maven.TestCalcAddTestng">
        <test-method status="PASS" signature="testAdd()[pri:0, instance:com.testng.maven.TestCalcAddTestng@141d19]" name="testAdd" duration-ms="17" started-at="2015-09-27T15:29:10Z" finished-at="2015-09-27T15:29:10Z">
          <reporter-output>
          </reporter-output>
        </test-method> <!-- testAdd -->
      </class> <!-- com.testng.maven.TestCalcAddTestng -->
      <class name="com.testng.maven.testngMavenTest">
        <test-method status="PASS" signature="testMavenExample()[pri:0, instance:com.testng.maven.testngMavenTest@218d]" name="testMavenExample" duration-ms="1" started-at="2015-09-27T15:29:10Z" finished-at="2015-09-27T15:29:10Z">
          <reporter-output>
          </reporter-output>
        </test-method> <!-- testMavenExample -->
      </class> <!-- com.testng.maven.testngMavenTest -->
      <class name="com.testng.maven.TestCalcMultTestng">
        <test-method status="PASS" signature="testMult()[pri:0, instance:com.testng.maven.TestCalcMultTestng@1ce67ca]" name="testMult" duration-ms="0" started-at="2015-09-27T15:29:10Z" finished-at="2015-09-27T15:29:10Z">
          <reporter-output>
          </reporter-output>
        </test-method> <!-- testMult -->
      </class> <!-- com.testng.maven.TestCalcMultTestng -->
    </test> <!-- Command line test -->
  </suite> <!-- Command line suite -->
</testng-results>
