<?xml version="1.0" encoding="UTF-8"?>
<!-- Generated by org.testng.reporters.JUnitXMLReporter -->
<testsuite hostname="niren-dell-PC" name="Test" tests="3" failures="0" timestamp="27 Sep 2015 21:20:12 GMT" time="0.085" errors="0">
  <testcase name="testAdd" time="0.036" classname="com.testng.maven.TestCalcAddTestng"/>
  <testcase name="testMult" time="0.001" classname="com.testng.maven.TestCalcMultTestng"/>
  <testcase name="testMavenExample" time="0.001" classname="com.testng.maven.testngMavenTest"/>
</testsuite> <!-- Test -->
