<?xml version="1.0" encoding="UTF-8"?>
<!-- Generated by org.testng.reporters.JUnitXMLReporter -->
<testsuite hostname="niren-dell-PC" name="Command line test" tests="3" failures="0" timestamp="27 Sep 2015 22:29:10 GMT" time="0.041" errors="0">
  <testcase name="testAdd" time="0.017" classname="com.testng.maven.TestCalcAddTestng"/>
  <testcase name="testMult" time="0.0" classname="com.testng.maven.TestCalcMultTestng"/>
  <testcase name="testMavenExample" time="0.001" classname="com.testng.maven.testngMavenTest"/>
</testsuite> <!-- Command line test -->
