<?xml version="1.0" encoding="UTF-8"?>
<testng-results skipped="0" failed="0" total="3" passed="3">
  <reporter-output>
  </reporter-output>
  <suite name="Suite" duration-ms="85" started-at="2015-09-27T21:20:12Z" finished-at="2015-09-27T21:20:12Z">
    <groups>
    </groups>
    <test name="Test" duration-ms="85" started-at="2015-09-27T21:20:12Z" finished-at="2015-09-27T21:20:12Z">
      <class name="com.testng.maven.TestCalcAddTestng">
        <test-method status="PASS" signature="testAdd()[pri:0, instance:com.testng.maven.TestCalcAddTestng@700edc]" name="testAdd" duration-ms="36" started-at="2015-09-27T14:20:12Z" finished-at="2015-09-27T14:20:12Z">
          <reporter-output>
          </reporter-output>
        </test-method> <!-- testAdd -->
      </class> <!-- com.testng.maven.TestCalcAddTestng -->
      <class name="com.testng.maven.testngMavenTest">
        <test-method status="PASS" signature="testMavenExample()[pri:0, instance:com.testng.maven.testngMavenTest@2dce0]" name="testMavenExample" duration-ms="1" started-at="2015-09-27T14:20:12Z" finished-at="2015-09-27T14:20:12Z">
          <reporter-output>
          </reporter-output>
        </test-method> <!-- testMavenExample -->
      </class> <!-- com.testng.maven.testngMavenTest -->
      <class name="com.testng.maven.TestCalcMultTestng">
        <test-method status="PASS" signature="testMult()[pri:0, instance:com.testng.maven.TestCalcMultTestng@93f61c]" name="testMult" duration-ms="1" started-at="2015-09-27T14:20:12Z" finished-at="2015-09-27T14:20:12Z">
          <reporter-output>
          </reporter-output>
        </test-method> <!-- testMult -->
      </class> <!-- com.testng.maven.TestCalcMultTestng -->
    </test> <!-- Test -->
  </suite> <!-- Suite -->
</testng-results>
